<?xml version="1.0" encoding="UTF-8"?>
<!-- Generated by org.testng.reporters.JUnitReportReporter -->
<testsuite hostname="DESKTOP-LDIQIRD" failures="0" tests="2" name="comTest.LoginTest" time="23.293" errors="0" timestamp="2022-06-07T16:42:20 IST" skipped="0">
  <testcase classname="comTest.LoginTest" name="freeCrmTitleTest" time="13.498"/>
  <system-out>
    <![CDATA[Browser title dispay successfully .....]]>
  </system-out>
  <testcase classname="comTest.LoginTest" name="freeCrmLogoTest" time="9.795"/>
  <system-out/>
</testsuite> <!-- comTest.LoginTest -->
